<?xml version="1.0" encoding="UTF-8"?>
<!-- Generated by org.testng.reporters.JUnitXMLReporter -->
<testsuite ignored="0" hostname="DESKTOP-0L9DERS" failures="1" tests="2" name="Surefire test" time="32.148" errors="0" timestamp="2025-04-04T17:42:22 EDT">
  <testcase classname="io.cucumber.testng.AbstractTestNGCucumberTests" name="runScenario" time="4.781"/>
  <testcase classname="io.cucumber.testng.AbstractTestNGCucumberTests" name="runScenario" time="23.703">
    <failure type="java.lang.AssertionError" message="Incorrect detailed entered!">
      <![CDATA[java.lang.AssertionError: Incorrect detailed entered!
at pageActioncrossBrowser1.RegisterpageActioncrossBrowser1.verify_user_should_be_successfully_registered(RegisterpageActioncrossBrowser1.java:134)
at stepDefinationcrossBrowser1.RegistercrossBrowser1.user_should_be_successfully_registered(RegistercrossBrowser1.java:79)
at ✽.User should be successfully registered(file:///C:/workspaces/projects/com.crossBrowser1/src/test/resource/featureFoldercrossBrowser1/RegistercrossBrowser1.feature:32)
... Removed 1 stack frames]]>
    </failure>
  </testcase> <!-- runScenario -->
</testsuite> <!-- Surefire test -->
