<?xml version="1.0" encoding="UTF-8"?>
<!-- Generated by org.testng.reporters.JUnitXMLReporter -->
<testsuite ignored="0" hostname="DESKTOP-0L9DERS" failures="2" tests="2" name="Surefire test" time="39.867" errors="0" timestamp="2025-04-07T00:13:43 EDT">
  <testcase classname="io.cucumber.testng.AbstractTestNGCucumberTests" name="runScenario" time="15.722">
    <failure type="java.lang.AssertionError" message=" ❌ Exception while validating messages: Expected condition failed: waiting for visibility of Proxy element for: DefaultElementLocator &amp;apos;By.xpath: //div[@class=&amp;apos;register-result-subtitle&amp;apos;]&amp;apos; (tried for 10 second(s) with 500 milliseconds interval)">
      <![CDATA[java.lang.AssertionError:  ❌ Exception while validating messages: Expected condition failed: waiting for visibility of Proxy element for: DefaultElementLocator 'By.xpath: //div[@class='register-result-subtitle']' (tried for 10 second(s) with 500 milliseconds interval)
at pageActioncrossBrowser1.Register2pageActioncrossBrowser1.validateSuccessfullRegistration(Register2pageActioncrossBrowser1.java:95)
at stepDefinationcrossBrowser1.Register2crossBrowser1.user_should_be_successfully_registered2(Register2crossBrowser1.java:50)
at ✽.User should be successfully registered2(file:///C:/workspaces/projects/com.crossBrowser1/src/test/resource/featureFoldercrossBrowser1/Register2crossBrowser1.feature:11)
... Removed 1 stack frames]]>
    </failure>
  </testcase> <!-- runScenario -->
  <testcase classname="io.cucumber.testng.AbstractTestNGCucumberTests" name="runScenario" time="19.468">
    <failure type="java.lang.AssertionError" message=" ❌ Exception while validating messages: Expected condition failed: waiting for visibility of Proxy element for: DefaultElementLocator &amp;apos;By.xpath: (//li[normalize-space()=&amp;apos;Current customer is already registered&amp;apos;])[1]&amp;apos; (tried for 10 second(s) with 500 milliseconds interval)">
      <![CDATA[java.lang.AssertionError:  ❌ Exception while validating messages: Expected condition failed: waiting for visibility of Proxy element for: DefaultElementLocator 'By.xpath: (//li[normalize-space()='Current customer is already registered'])[1]' (tried for 10 second(s) with 500 milliseconds interval)
at pageActioncrossBrowser1.Register2pageActioncrossBrowser1.validateSuccessfullRegistration(Register2pageActioncrossBrowser1.java:95)
at stepDefinationcrossBrowser1.Register2crossBrowser1.user_should_be_successfully_registered2(Register2crossBrowser1.java:50)
at ✽.User should be successfully registered2(file:///C:/workspaces/projects/com.crossBrowser1/src/test/resource/featureFoldercrossBrowser1/Register2crossBrowser1.feature:11)
... Removed 1 stack frames]]>
    </failure>
  </testcase> <!-- runScenario -->
</testsuite> <!-- Surefire test -->
