<?xml version="1.0" encoding="UTF-8"?>
<testng-results ignored="0" total="2" passed="2" failed="0" skipped="0">
  <reporter-output>
  </reporter-output>
  <suite started-at="2025-04-05T20:26:52 EDT" name="Surefire suite" finished-at="2025-04-05T20:27:25 EDT" duration-ms="32342">
    <groups>
      <group name="cucumber">
        <method signature="AbstractTestNGCucumberTests.runScenario(io.cucumber.testng.PickleWrapper,io.cucumber.testng.FeatureWrapper)[pri:0, instance:testRunnercrossBrowser1.TestRunnercrossBrowser1@2b71e916]" name="runScenario" class="io.cucumber.testng.AbstractTestNGCucumberTests"/>
      </group> <!-- cucumber -->
    </groups>
    <test started-at="2025-04-05T20:26:52 EDT" name="Surefire test" finished-at="2025-04-05T20:27:25 EDT" duration-ms="32342">
      <class name="testRunnercrossBrowser1.TestRunnercrossBrowser1">
        <test-method is-config="true" signature="setUp()[pri:0, instance:testRunnercrossBrowser1.TestRunnercrossBrowser1@2b71e916]" started-at="2025-04-05T20:26:52 EDT" name="setUp" finished-at="2025-04-05T20:26:54 EDT" duration-ms="1633" status="PASS">
          <reporter-output>
          </reporter-output>
        </test-method> <!-- setUp -->
        <test-method is-config="true" signature="setUpClass(org.testng.ITestContext)[pri:0, instance:testRunnercrossBrowser1.TestRunnercrossBrowser1@2b71e916]" started-at="2025-04-05T20:26:54 EDT" name="setUpClass" finished-at="2025-04-05T20:26:54 EDT" duration-ms="422" status="PASS">
          <params>
            <param index="0">
              <value>
                <![CDATA[org.testng.TestRunner@2ad99cf3]]>
              </value>
            </param>
          </params>
          <reporter-output>
          </reporter-output>
        </test-method> <!-- setUpClass -->
        <test-method signature="runScenario(io.cucumber.testng.PickleWrapper,io.cucumber.testng.FeatureWrapper)[pri:0, instance:testRunnercrossBrowser1.TestRunnercrossBrowser1@2b71e916]" started-at="2025-04-05T20:26:54 EDT" name="runScenario" description="Runs Cucumber Scenarios" data-provider="scenarios" finished-at="2025-04-05T20:26:58 EDT" duration-ms="3822" status="PASS">
          <params>
            <param index="0">
              <value>
                <![CDATA["Launch website and Navigate to Registration Page"]]>
              </value>
            </param>
            <param index="1">
              <value>
                <![CDATA["User Registration on Always Fashion"]]>
              </value>
            </param>
          </params>
          <reporter-output>
          </reporter-output>
        </test-method> <!-- runScenario -->
        <test-method signature="runScenario(io.cucumber.testng.PickleWrapper,io.cucumber.testng.FeatureWrapper)[pri:0, instance:testRunnercrossBrowser1.TestRunnercrossBrowser1@2b71e916]" started-at="2025-04-05T20:26:58 EDT" name="runScenario" description="Runs Cucumber Scenarios" data-provider="scenarios" finished-at="2025-04-05T20:27:22 EDT" duration-ms="24091" status="PASS">
          <params>
            <param index="0">
              <value>
                <![CDATA["Successful registration with valid details"]]>
              </value>
            </param>
            <param index="1">
              <value>
                <![CDATA["User Registration on Always Fashion"]]>
              </value>
            </param>
          </params>
          <reporter-output>
          </reporter-output>
        </test-method> <!-- runScenario -->
        <test-method is-config="true" signature="tearDownClass()[pri:0, instance:testRunnercrossBrowser1.TestRunnercrossBrowser1@2b71e916]" started-at="2025-04-05T20:27:22 EDT" name="tearDownClass" finished-at="2025-04-05T20:27:24 EDT" duration-ms="2151" status="PASS">
          <reporter-output>
          </reporter-output>
        </test-method> <!-- tearDownClass -->
        <test-method is-config="true" signature="tearDown()[pri:0, instance:testRunnercrossBrowser1.TestRunnercrossBrowser1@2b71e916]" started-at="2025-04-05T20:27:24 EDT" name="tearDown" finished-at="2025-04-05T20:27:25 EDT" duration-ms="177" status="PASS">
          <reporter-output>
          </reporter-output>
        </test-method> <!-- tearDown -->
      </class> <!-- testRunnercrossBrowser1.TestRunnercrossBrowser1 -->
    </test> <!-- Surefire test -->
  </suite> <!-- Surefire suite -->
</testng-results>
