<?xml version="1.0" encoding="UTF-8"?>
<testng-results ignored="0" total="1" passed="0" failed="1" skipped="0">
  <reporter-output>
  </reporter-output>
  <suite started-at="2025-04-14T00:04:27 EDT" name="Surefire suite" finished-at="2025-04-14T00:04:46 EDT" duration-ms="18754">
    <groups>
      <group name="cucumber">
        <method signature="AbstractTestNGCucumberTests.runScenario(io.cucumber.testng.PickleWrapper,io.cucumber.testng.FeatureWrapper)[pri:0, instance:testRunnercrossBrowser1.TestRunnercrossBrowser1@2b71e916]" name="runScenario" class="io.cucumber.testng.AbstractTestNGCucumberTests"/>
      </group> <!-- cucumber -->
    </groups>
    <test started-at="2025-04-14T00:04:27 EDT" name="Surefire test" finished-at="2025-04-14T00:04:46 EDT" duration-ms="18754">
      <class name="testRunnercrossBrowser1.TestRunnercrossBrowser1">
        <test-method is-config="true" signature="setUp()[pri:0, instance:testRunnercrossBrowser1.TestRunnercrossBrowser1@2b71e916]" started-at="2025-04-14T00:04:27 EDT" name="setUp" finished-at="2025-04-14T00:04:28 EDT" duration-ms="1445" status="PASS">
          <reporter-output>
          </reporter-output>
        </test-method> <!-- setUp -->
        <test-method is-config="true" signature="setUpClass(org.testng.ITestContext)[pri:0, instance:testRunnercrossBrowser1.TestRunnercrossBrowser1@2b71e916]" started-at="2025-04-14T00:04:28 EDT" name="setUpClass" finished-at="2025-04-14T00:04:29 EDT" duration-ms="412" status="PASS">
          <params>
            <param index="0">
              <value>
                <![CDATA[org.testng.TestRunner@61ae0d43]]>
              </value>
            </param>
          </params>
          <reporter-output>
          </reporter-output>
        </test-method> <!-- setUpClass -->
        <test-method signature="runScenario(io.cucumber.testng.PickleWrapper,io.cucumber.testng.FeatureWrapper)[pri:0, instance:testRunnercrossBrowser1.TestRunnercrossBrowser1@2b71e916]" started-at="2025-04-14T00:04:29 EDT" name="runScenario" description="Runs Cucumber Scenarios" data-provider="scenarios" finished-at="2025-04-14T00:04:43 EDT" duration-ms="14478" status="FAIL">
          <params>
            <param index="0">
              <value>
                <![CDATA["Register user with valid details"]]>
              </value>
            </param>
            <param index="1">
              <value>
                <![CDATA["User Registration3 on Always Fashion"]]>
              </value>
            </param>
          </params>
          <exception class="java.lang.AssertionError">
            <message>
              <![CDATA[Failed to verify 'already exist' message: Expected condition failed: waiting for visibility of Proxy element for: DefaultElementLocator 'By.xpath: //div[@class='register-result-subtitle']' (tried for 10 second(s) with 500 milliseconds interval)]]>
            </message>
            <full-stacktrace>
              <![CDATA[java.lang.AssertionError: Failed to verify 'already exist' message: Expected condition failed: waiting for visibility of Proxy element for: DefaultElementLocator 'By.xpath: //div[@class='register-result-subtitle']' (tried for 10 second(s) with 500 milliseconds interval)
at org.testng.Assert.fail(Assert.java:111)
at pageActioncrossBrowser1.Register3pageActioncrossBrowser1.verify_user_should_be_successfully_registered3(Register3pageActioncrossBrowser1.java:113)
at stepDefinationcrossBrowser1.Register3crossBrowser1.verify_user_should_be_successfully_registered3(Register3crossBrowser1.java:68)
at ✽.verify user should be successfully registered3(file:///C:/workspaces/projects/com.crossBrowser1/src/test/resource/featureFoldercrossBrowser1/Register3crossBrowser1.feature:13)
]]>
            </full-stacktrace>
          </exception> <!-- java.lang.AssertionError -->
          <reporter-output>
          </reporter-output>
        </test-method> <!-- runScenario -->
        <test-method is-config="true" signature="tearDownClass()[pri:0, instance:testRunnercrossBrowser1.TestRunnercrossBrowser1@2b71e916]" started-at="2025-04-14T00:04:43 EDT" name="tearDownClass" finished-at="2025-04-14T00:04:45 EDT" duration-ms="2204" status="PASS">
          <reporter-output>
          </reporter-output>
        </test-method> <!-- tearDownClass -->
        <test-method is-config="true" signature="tearDown()[pri:0, instance:testRunnercrossBrowser1.TestRunnercrossBrowser1@2b71e916]" started-at="2025-04-14T00:04:46 EDT" name="tearDown" finished-at="2025-04-14T00:04:46 EDT" duration-ms="166" status="PASS">
          <reporter-output>
          </reporter-output>
        </test-method> <!-- tearDown -->
      </class> <!-- testRunnercrossBrowser1.TestRunnercrossBrowser1 -->
    </test> <!-- Surefire test -->
  </suite> <!-- Surefire suite -->
</testng-results>
