<?xml version="1.0" encoding="UTF-8"?>
<!-- Generated by org.testng.reporters.JUnitReportReporter -->
<testsuite hostname="DESKTOP-0L9DERS" failures="1" tests="2" name="testRunnercrossBrowser1.TestRunnercrossBrowser1" time="28.484" errors="0" timestamp="2025-04-04T17:42:22 EDT" skipped="0">
  <testcase classname="testRunnercrossBrowser1.TestRunnercrossBrowser1" name="runScenario" time="4.781"/>
  <testcase classname="testRunnercrossBrowser1.TestRunnercrossBrowser1" name="runScenario" time="23.703">
    <failure message="Incorrect detailed entered!" type="java.lang.AssertionError">
      <![CDATA[java.lang.AssertionError: Incorrect detailed entered!
at org.testng.Assert.fail(Assert.java:111)
at pageActioncrossBrowser1.RegisterpageActioncrossBrowser1.verify_user_should_be_successfully_registered(RegisterpageActioncrossBrowser1.java:134)
at stepDefinationcrossBrowser1.RegistercrossBrowser1.user_should_be_successfully_registered(RegistercrossBrowser1.java:79)
at ✽.User should be successfully registered(file:///C:/workspaces/projects/com.crossBrowser1/src/test/resource/featureFoldercrossBrowser1/RegistercrossBrowser1.feature:32)
]]>
    </failure>
  </testcase> <!-- runScenario -->
</testsuite> <!-- testRunnercrossBrowser1.TestRunnercrossBrowser1 -->
